C:\Program Files (x86)\Microsoft Visual Studio\2019\Community\MSBuild\Microsoft\VC\v160\Microsoft.CppBuild.targets(513,5): warning MSB8028: 중간 디렉터리(x64\Debug\)에 다른 프로젝트(21.09.07_Library_Manage_Program_cpp.vcxproj)에서 공유하는 파일이 포함되어 있습니다.  이로 인해 잘못된 정리 및 다시 빌드 동작이 수행될 수 있습니다.
  Carrot.cpp
C:\Users\iot2105\Downloads\(2) (2) (2)\21.09.07_Library_Manage_Program_cpp\Carrot.cpp(58,62): warning C4267: '인수': 'size_t'에서 'int'(으)로 변환하면서 데이터가 손실될 수 있습니다.
C:\Users\iot2105\Downloads\(2) (2) (2)\21.09.07_Library_Manage_Program_cpp\Carrot.cpp(68,62): warning C4267: '인수': 'size_t'에서 'int'(으)로 변환하면서 데이터가 손실될 수 있습니다.
C:\Users\iot2105\Downloads\(2) (2) (2)\21.09.07_Library_Manage_Program_cpp\Carrot.cpp(94,62): warning C4267: '인수': 'size_t'에서 'int'(으)로 변환하면서 데이터가 손실될 수 있습니다.
C:\Users\iot2105\Downloads\(2) (2) (2)\21.09.07_Library_Manage_Program_cpp\Carrot.cpp(114,62): warning C4267: '인수': 'size_t'에서 'int'(으)로 변환하면서 데이터가 손실될 수 있습니다.
C:\Users\iot2105\Downloads\(2) (2) (2)\21.09.07_Library_Manage_Program_cpp\Carrot.cpp(142,62): warning C4267: '인수': 'size_t'에서 'int'(으)로 변환하면서 데이터가 손실될 수 있습니다.
C:\Users\iot2105\Downloads\(2) (2) (2)\21.09.07_Library_Manage_Program_cpp\Carrot.cpp(157,62): warning C4267: '인수': 'size_t'에서 'int'(으)로 변환하면서 데이터가 손실될 수 있습니다.
C:\Users\iot2105\Downloads\(2) (2) (2)\21.09.07_Library_Manage_Program_cpp\Carrot.cpp(207,62): warning C4267: '인수': 'size_t'에서 'int'(으)로 변환하면서 데이터가 손실될 수 있습니다.
C:\Users\iot2105\Downloads\(2) (2) (2)\21.09.07_Library_Manage_Program_cpp\Carrot.cpp(216,62): warning C4267: '인수': 'size_t'에서 'int'(으)로 변환하면서 데이터가 손실될 수 있습니다.
C:\Users\iot2105\Downloads\(2) (2) (2)\21.09.07_Library_Manage_Program_cpp\Carrot.cpp(225,62): warning C4267: '인수': 'size_t'에서 'int'(으)로 변환하면서 데이터가 손실될 수 있습니다.
C:\Users\iot2105\Downloads\(2) (2) (2)\21.09.07_Library_Manage_Program_cpp\Carrot.cpp(240,62): warning C4267: '인수': 'size_t'에서 'int'(으)로 변환하면서 데이터가 손실될 수 있습니다.
C:\Users\iot2105\Downloads\(2) (2) (2)\21.09.07_Library_Manage_Program_cpp\Carrot.cpp(262,62): warning C4267: '인수': 'size_t'에서 'int'(으)로 변환하면서 데이터가 손실될 수 있습니다.
C:\Users\iot2105\Downloads\(2) (2) (2)\21.09.07_Library_Manage_Program_cpp\Carrot.cpp(289,62): warning C4267: '인수': 'size_t'에서 'int'(으)로 변환하면서 데이터가 손실될 수 있습니다.
C:\Users\iot2105\Downloads\(2) (2) (2)\21.09.07_Library_Manage_Program_cpp\Carrot.cpp(305,62): warning C4267: '인수': 'size_t'에서 'int'(으)로 변환하면서 데이터가 손실될 수 있습니다.
C:\Users\iot2105\Downloads\(2) (2) (2)\21.09.07_Library_Manage_Program_cpp\Carrot.cpp(341,62): warning C4267: '인수': 'size_t'에서 'int'(으)로 변환하면서 데이터가 손실될 수 있습니다.
C:\Users\iot2105\Downloads\(2) (2) (2)\21.09.07_Library_Manage_Program_cpp\Carrot.cpp(350,62): warning C4267: '인수': 'size_t'에서 'int'(으)로 변환하면서 데이터가 손실될 수 있습니다.
C:\Users\iot2105\Downloads\(2) (2) (2)\21.09.07_Library_Manage_Program_cpp\Carrot.cpp(371,14): warning C4244: '초기화 중': 'uint64_t'에서 'int'(으)로 변환하면서 데이터가 손실될 수 있습니다.
C:\Users\iot2105\Downloads\(2) (2) (2)\21.09.07_Library_Manage_Program_cpp\Carrot.cpp(390,26): warning C4244: '=': 'uint64_t'에서 'int'(으)로 변환하면서 데이터가 손실될 수 있습니다.
C:\Users\iot2105\Downloads\(2) (2) (2)\21.09.07_Library_Manage_Program_cpp\Carrot.cpp(462,62): warning C4267: '인수': 'size_t'에서 'int'(으)로 변환하면서 데이터가 손실될 수 있습니다.
C:\Users\iot2105\Downloads\(2) (2) (2)\21.09.07_Library_Manage_Program_cpp\Carrot.cpp(513,62): warning C4267: '인수': 'size_t'에서 'int'(으)로 변환하면서 데이터가 손실될 수 있습니다.
C:\Users\iot2105\Downloads\(2) (2) (2)\21.09.07_Library_Manage_Program_cpp\Carrot.cpp(525,62): warning C4267: '인수': 'size_t'에서 'int'(으)로 변환하면서 데이터가 손실될 수 있습니다.
C:\Users\iot2105\Downloads\(2) (2) (2)\21.09.07_Library_Manage_Program_cpp\Carrot.cpp(534,62): warning C4267: '인수': 'size_t'에서 'int'(으)로 변환하면서 데이터가 손실될 수 있습니다.
C:\Users\iot2105\Downloads\(2) (2) (2)\21.09.07_Library_Manage_Program_cpp\Carrot.cpp(543,62): warning C4267: '인수': 'size_t'에서 'int'(으)로 변환하면서 데이터가 손실될 수 있습니다.
C:\Users\iot2105\Downloads\(2) (2) (2)\21.09.07_Library_Manage_Program_cpp\Carrot.cpp(553,62): warning C4267: '인수': 'size_t'에서 'int'(으)로 변환하면서 데이터가 손실될 수 있습니다.
C:\Users\iot2105\Downloads\(2) (2) (2)\21.09.07_Library_Manage_Program_cpp\Carrot.cpp(586,62): warning C4267: '인수': 'size_t'에서 'int'(으)로 변환하면서 데이터가 손실될 수 있습니다.
C:\Users\iot2105\Downloads\(2) (2) (2)\21.09.07_Library_Manage_Program_cpp\Carrot.cpp(609,62): warning C4267: '인수': 'size_t'에서 'int'(으)로 변환하면서 데이터가 손실될 수 있습니다.
C:\Users\iot2105\Downloads\(2) (2) (2)\21.09.07_Library_Manage_Program_cpp\Carrot.cpp(110,4): warning C4996: 'itoa': The POSIX name for this item is deprecated. Instead, use the ISO C and C++ conformant name: _itoa. See online help for details.
C:\Users\iot2105\Downloads\(2) (2) (2)\21.09.07_Library_Manage_Program_cpp\Carrot.cpp(154,4): warning C4996: 'itoa': The POSIX name for this item is deprecated. Instead, use the ISO C and C++ conformant name: _itoa. See online help for details.
C:\Users\iot2105\Downloads\(2) (2) (2)\21.09.07_Library_Manage_Program_cpp\Carrot.cpp(368,4): warning C4996: 'sprintf': This function or variable may be unsafe. Consider using sprintf_s instead. To disable deprecation, use _CRT_SECURE_NO_WARNINGS. See online help for details.
C:\Users\iot2105\Downloads\(2) (2) (2)\21.09.07_Library_Manage_Program_cpp\Carrot.cpp(387,4): warning C4996: 'sprintf': This function or variable may be unsafe. Consider using sprintf_s instead. To disable deprecation, use _CRT_SECURE_NO_WARNINGS. See online help for details.
C:\Users\iot2105\Downloads\(2) (2) (2)\21.09.07_Library_Manage_Program_cpp\Carrot.cpp(427,5): warning C4996: 'sprintf': This function or variable may be unsafe. Consider using sprintf_s instead. To disable deprecation, use _CRT_SECURE_NO_WARNINGS. See online help for details.
C:\Users\iot2105\Downloads\(2) (2) (2)\21.09.07_Library_Manage_Program_cpp\Carrot.cpp(643,2): warning C4996: 'sprintf': This function or variable may be unsafe. Consider using sprintf_s instead. To disable deprecation, use _CRT_SECURE_NO_WARNINGS. See online help for details.
C:\Users\iot2105\Downloads\(2) (2) (2)\21.09.07_Library_Manage_Program_cpp\Carrot.cpp(673,2): warning C4996: 'sprintf': This function or variable may be unsafe. Consider using sprintf_s instead. To disable deprecation, use _CRT_SECURE_NO_WARNINGS. See online help for details.
C:\Users\iot2105\Downloads\(2) (2) (2)\21.09.07_Library_Manage_Program_cpp\Carrot.cpp(678,2): warning C4996: 'sprintf': This function or variable may be unsafe. Consider using sprintf_s instead. To disable deprecation, use _CRT_SECURE_NO_WARNINGS. See online help for details.
C:\Users\iot2105\Downloads\(2) (2) (2)\21.09.07_Library_Manage_Program_cpp\Carrot.cpp(711,12): warning C4244: '초기화 중': 'uint64_t'에서 'int'(으)로 변환하면서 데이터가 손실될 수 있습니다.
C:\Users\iot2105\Downloads\(2) (2) (2)\21.09.07_Library_Manage_Program_cpp\Carrot.cpp(708,2): warning C4996: 'sprintf': This function or variable may be unsafe. Consider using sprintf_s instead. To disable deprecation, use _CRT_SECURE_NO_WARNINGS. See online help for details.
C:\Users\iot2105\Downloads\(2) (2) (2)\21.09.07_Library_Manage_Program_cpp\Carrot.cpp(755,12): warning C4244: '초기화 중': 'uint64_t'에서 'int'(으)로 변환하면서 데이터가 손실될 수 있습니다.
C:\Users\iot2105\Downloads\(2) (2) (2)\21.09.07_Library_Manage_Program_cpp\Carrot.cpp(751,2): warning C4996: 'sprintf': This function or variable may be unsafe. Consider using sprintf_s instead. To disable deprecation, use _CRT_SECURE_NO_WARNINGS. See online help for details.
C:\Users\iot2105\Downloads\(2) (2) (2)\21.09.07_Library_Manage_Program_cpp\Carrot.cpp(811,12): warning C4244: '초기화 중': 'uint64_t'에서 'int'(으)로 변환하면서 데이터가 손실될 수 있습니다.
C:\Users\iot2105\Downloads\(2) (2) (2)\21.09.07_Library_Manage_Program_cpp\Carrot.cpp(807,2): warning C4996: 'sprintf': This function or variable may be unsafe. Consider using sprintf_s instead. To disable deprecation, use _CRT_SECURE_NO_WARNINGS. See online help for details.
C:\Users\iot2105\Downloads\(2) (2) (2)\21.09.07_Library_Manage_Program_cpp\Carrot.cpp(863,12): warning C4244: '초기화 중': 'uint64_t'에서 'int'(으)로 변환하면서 데이터가 손실될 수 있습니다.
C:\Users\iot2105\Downloads\(2) (2) (2)\21.09.07_Library_Manage_Program_cpp\Carrot.cpp(851,3): warning C4996: 'sprintf': This function or variable may be unsafe. Consider using sprintf_s instead. To disable deprecation, use _CRT_SECURE_NO_WARNINGS. See online help for details.
C:\Users\iot2105\Downloads\(2) (2) (2)\21.09.07_Library_Manage_Program_cpp\Carrot.cpp(857,3): warning C4996: 'sprintf': This function or variable may be unsafe. Consider using sprintf_s instead. To disable deprecation, use _CRT_SECURE_NO_WARNINGS. See online help for details.
C:\Users\iot2105\Downloads\(2) (2) (2)\21.09.07_Library_Manage_Program_cpp\Carrot.cpp(911,12): warning C4244: '초기화 중': 'uint64_t'에서 'int'(으)로 변환하면서 데이터가 손실될 수 있습니다.
C:\Users\iot2105\Downloads\(2) (2) (2)\21.09.07_Library_Manage_Program_cpp\Carrot.cpp(907,2): warning C4996: 'sprintf': This function or variable may be unsafe. Consider using sprintf_s instead. To disable deprecation, use _CRT_SECURE_NO_WARNINGS. See online help for details.
C:\Users\iot2105\Downloads\(2) (2) (2)\21.09.07_Library_Manage_Program_cpp\Carrot.cpp(955,12): warning C4244: '초기화 중': 'uint64_t'에서 'int'(으)로 변환하면서 데이터가 손실될 수 있습니다.
C:\Users\iot2105\Downloads\(2) (2) (2)\21.09.07_Library_Manage_Program_cpp\Carrot.cpp(952,2): warning C4996: 'sprintf': This function or variable may be unsafe. Consider using sprintf_s instead. To disable deprecation, use _CRT_SECURE_NO_WARNINGS. See online help for details.
C:\Users\iot2105\Downloads\(2) (2) (2)\21.09.07_Library_Manage_Program_cpp\Carrot.cpp(1008,12): warning C4244: '초기화 중': 'uint64_t'에서 'int'(으)로 변환하면서 데이터가 손실될 수 있습니다.
C:\Users\iot2105\Downloads\(2) (2) (2)\21.09.07_Library_Manage_Program_cpp\Carrot.cpp(1004,2): warning C4996: 'sprintf': This function or variable may be unsafe. Consider using sprintf_s instead. To disable deprecation, use _CRT_SECURE_NO_WARNINGS. See online help for details.
C:\Users\iot2105\Downloads\(2) (2) (2)\21.09.07_Library_Manage_Program_cpp\Carrot.cpp(1039,3): warning C4996: 'sprintf': This function or variable may be unsafe. Consider using sprintf_s instead. To disable deprecation, use _CRT_SECURE_NO_WARNINGS. See online help for details.
C:\Users\iot2105\Downloads\(2) (2) (2)\21.09.07_Library_Manage_Program_cpp\Carrot.cpp(1061,3): warning C4996: 'sprintf': This function or variable may be unsafe. Consider using sprintf_s instead. To disable deprecation, use _CRT_SECURE_NO_WARNINGS. See online help for details.
C:\Users\iot2105\Downloads\(2) (2) (2)\21.09.07_Library_Manage_Program_cpp\Carrot.cpp(1068,3): warning C4996: 'sprintf': This function or variable may be unsafe. Consider using sprintf_s instead. To disable deprecation, use _CRT_SECURE_NO_WARNINGS. See online help for details.
C:\Users\iot2105\Downloads\(2) (2) (2)\21.09.07_Library_Manage_Program_cpp\Carrot.cpp(1085,3): warning C4996: 'sprintf': This function or variable may be unsafe. Consider using sprintf_s instead. To disable deprecation, use _CRT_SECURE_NO_WARNINGS. See online help for details.
C:\Users\iot2105\Downloads\(2) (2) (2)\21.09.07_Library_Manage_Program_cpp\Carrot.cpp(1091,3): warning C4996: 'sprintf': This function or variable may be unsafe. Consider using sprintf_s instead. To disable deprecation, use _CRT_SECURE_NO_WARNINGS. See online help for details.
C:\Users\iot2105\Downloads\(2) (2) (2)\21.09.07_Library_Manage_Program_cpp\Carrot.cpp(1109,3): warning C4996: 'sprintf': This function or variable may be unsafe. Consider using sprintf_s instead. To disable deprecation, use _CRT_SECURE_NO_WARNINGS. See online help for details.
C:\Users\iot2105\Downloads\(2) (2) (2)\21.09.07_Library_Manage_Program_cpp\Carrot.cpp(1115,3): warning C4996: 'sprintf': This function or variable may be unsafe. Consider using sprintf_s instead. To disable deprecation, use _CRT_SECURE_NO_WARNINGS. See online help for details.
C:\Users\iot2105\Downloads\(2) (2) (2)\21.09.07_Library_Manage_Program_cpp\Carrot.cpp(1150,12): warning C4244: '초기화 중': 'uint64_t'에서 'int'(으)로 변환하면서 데이터가 손실될 수 있습니다.
C:\Users\iot2105\Downloads\(2) (2) (2)\21.09.07_Library_Manage_Program_cpp\Carrot.cpp(1147,2): warning C4996: 'sprintf': This function or variable may be unsafe. Consider using sprintf_s instead. To disable deprecation, use _CRT_SECURE_NO_WARNINGS. See online help for details.
C:\Users\iot2105\Downloads\(2) (2) (2)\21.09.07_Library_Manage_Program_cpp\Carrot.cpp(1192,12): warning C4244: '초기화 중': 'uint64_t'에서 'int'(으)로 변환하면서 데이터가 손실될 수 있습니다.
C:\Users\iot2105\Downloads\(2) (2) (2)\21.09.07_Library_Manage_Program_cpp\Carrot.cpp(1189,2): warning C4996: 'sprintf': This function or variable may be unsafe. Consider using sprintf_s instead. To disable deprecation, use _CRT_SECURE_NO_WARNINGS. See online help for details.
C:\Users\iot2105\Downloads\(2) (2) (2)\21.09.07_Library_Manage_Program_cpp\Carrot.cpp(1226,12): warning C4244: '초기화 중': 'uint64_t'에서 'int'(으)로 변환하면서 데이터가 손실될 수 있습니다.
C:\Users\iot2105\Downloads\(2) (2) (2)\21.09.07_Library_Manage_Program_cpp\Carrot.cpp(1222,2): warning C4996: 'sprintf': This function or variable may be unsafe. Consider using sprintf_s instead. To disable deprecation, use _CRT_SECURE_NO_WARNINGS. See online help for details.
C:\Users\iot2105\Downloads\(2) (2) (2)\21.09.07_Library_Manage_Program_cpp\Carrot.cpp(1266,12): warning C4244: '초기화 중': 'uint64_t'에서 'int'(으)로 변환하면서 데이터가 손실될 수 있습니다.
C:\Users\iot2105\Downloads\(2) (2) (2)\21.09.07_Library_Manage_Program_cpp\Carrot.cpp(1262,2): warning C4996: 'sprintf': This function or variable may be unsafe. Consider using sprintf_s instead. To disable deprecation, use _CRT_SECURE_NO_WARNINGS. See online help for details.
C:\Users\iot2105\Downloads\(2) (2) (2)\21.09.07_Library_Manage_Program_cpp\Carrot.cpp(1291,12): warning C4244: '초기화 중': 'uint64_t'에서 'int'(으)로 변환하면서 데이터가 손실될 수 있습니다.
C:\Users\iot2105\Downloads\(2) (2) (2)\21.09.07_Library_Manage_Program_cpp\Carrot.cpp(1287,2): warning C4996: 'sprintf': This function or variable may be unsafe. Consider using sprintf_s instead. To disable deprecation, use _CRT_SECURE_NO_WARNINGS. See online help for details.
C:\Users\iot2105\Downloads\(2) (2) (2)\21.09.07_Library_Manage_Program_cpp\Carrot.cpp(1358,12): warning C4244: '초기화 중': 'uint64_t'에서 'int'(으)로 변환하면서 데이터가 손실될 수 있습니다.
C:\Users\iot2105\Downloads\(2) (2) (2)\21.09.07_Library_Manage_Program_cpp\Carrot.cpp(1354,2): warning C4996: 'sprintf': This function or variable may be unsafe. Consider using sprintf_s instead. To disable deprecation, use _CRT_SECURE_NO_WARNINGS. See online help for details.
C:\Users\iot2105\Downloads\(2) (2) (2)\21.09.07_Library_Manage_Program_cpp\Carrot.cpp(1421,12): warning C4244: '초기화 중': 'uint64_t'에서 'int'(으)로 변환하면서 데이터가 손실될 수 있습니다.
C:\Users\iot2105\Downloads\(2) (2) (2)\21.09.07_Library_Manage_Program_cpp\Carrot.cpp(1417,2): warning C4996: 'sprintf': This function or variable may be unsafe. Consider using sprintf_s instead. To disable deprecation, use _CRT_SECURE_NO_WARNINGS. See online help for details.
C:\Users\iot2105\Downloads\(2) (2) (2)\21.09.07_Library_Manage_Program_cpp\Carrot.cpp(1486,12): warning C4244: '초기화 중': 'uint64_t'에서 'int'(으)로 변환하면서 데이터가 손실될 수 있습니다.
C:\Users\iot2105\Downloads\(2) (2) (2)\21.09.07_Library_Manage_Program_cpp\Carrot.cpp(1482,2): warning C4996: 'sprintf': This function or variable may be unsafe. Consider using sprintf_s instead. To disable deprecation, use _CRT_SECURE_NO_WARNINGS. See online help for details.
C:\Users\iot2105\Downloads\(2) (2) (2)\21.09.07_Library_Manage_Program_cpp\Carrot.cpp(1548,12): warning C4244: '초기화 중': 'uint64_t'에서 'int'(으)로 변환하면서 데이터가 손실될 수 있습니다.
C:\Users\iot2105\Downloads\(2) (2) (2)\21.09.07_Library_Manage_Program_cpp\Carrot.cpp(1544,2): warning C4996: 'sprintf': This function or variable may be unsafe. Consider using sprintf_s instead. To disable deprecation, use _CRT_SECURE_NO_WARNINGS. See online help for details.
C:\Users\iot2105\Downloads\(2) (2) (2)\21.09.07_Library_Manage_Program_cpp\Carrot.cpp(1604,12): warning C4244: '초기화 중': 'uint64_t'에서 'int'(으)로 변환하면서 데이터가 손실될 수 있습니다.
C:\Users\iot2105\Downloads\(2) (2) (2)\21.09.07_Library_Manage_Program_cpp\Carrot.cpp(1601,2): warning C4996: 'sprintf': This function or variable may be unsafe. Consider using sprintf_s instead. To disable deprecation, use _CRT_SECURE_NO_WARNINGS. See online help for details.
C:\Users\iot2105\Downloads\(2) (2) (2)\21.09.07_Library_Manage_Program_cpp\Carrot.cpp(1657,12): warning C4244: '초기화 중': 'uint64_t'에서 'int'(으)로 변환하면서 데이터가 손실될 수 있습니다.
C:\Users\iot2105\Downloads\(2) (2) (2)\21.09.07_Library_Manage_Program_cpp\Carrot.cpp(1653,2): warning C4996: 'sprintf': This function or variable may be unsafe. Consider using sprintf_s instead. To disable deprecation, use _CRT_SECURE_NO_WARNINGS. See online help for details.
C:\Users\iot2105\Downloads\(2) (2) (2)\21.09.07_Library_Manage_Program_cpp\Carrot.cpp(1743,3): warning C4996: 'sprintf': This function or variable may be unsafe. Consider using sprintf_s instead. To disable deprecation, use _CRT_SECURE_NO_WARNINGS. See online help for details.
C:\Users\iot2105\Downloads\(2) (2) (2)\21.09.07_Library_Manage_Program_cpp\Carrot.cpp(1747,3): warning C4996: 'sprintf': This function or variable may be unsafe. Consider using sprintf_s instead. To disable deprecation, use _CRT_SECURE_NO_WARNINGS. See online help for details.
C:\Users\iot2105\Downloads\(2) (2) (2)\21.09.07_Library_Manage_Program_cpp\Carrot.cpp(1751,3): warning C4996: 'sprintf': This function or variable may be unsafe. Consider using sprintf_s instead. To disable deprecation, use _CRT_SECURE_NO_WARNINGS. See online help for details.
C:\Users\iot2105\Downloads\(2) (2) (2)\21.09.07_Library_Manage_Program_cpp\Carrot.cpp(1821,2): warning C4996: 'sprintf': This function or variable may be unsafe. Consider using sprintf_s instead. To disable deprecation, use _CRT_SECURE_NO_WARNINGS. See online help for details.
C:\Users\iot2105\Downloads\(2) (2) (2)\21.09.07_Library_Manage_Program_cpp\Carrot.cpp(1857,12): warning C4244: '초기화 중': 'uint64_t'에서 'int'(으)로 변환하면서 데이터가 손실될 수 있습니다.
C:\Users\iot2105\Downloads\(2) (2) (2)\21.09.07_Library_Manage_Program_cpp\Carrot.cpp(1862,51): warning C4267: '인수': 'size_t'에서 'int'(으)로 변환하면서 데이터가 손실될 수 있습니다.
C:\Users\iot2105\Downloads\(2) (2) (2)\21.09.07_Library_Manage_Program_cpp\Carrot.cpp(1886,48): warning C4267: '인수': 'size_t'에서 'int'(으)로 변환하면서 데이터가 손실될 수 있습니다.
C:\Users\iot2105\Downloads\(2) (2) (2)\21.09.07_Library_Manage_Program_cpp\Carrot.cpp(1853,2): warning C4996: 'sprintf': This function or variable may be unsafe. Consider using sprintf_s instead. To disable deprecation, use _CRT_SECURE_NO_WARNINGS. See online help for details.
C:\Users\iot2105\Downloads\(2) (2) (2)\21.09.07_Library_Manage_Program_cpp\Carrot.cpp(1876,2): warning C4996: 'sprintf': This function or variable may be unsafe. Consider using sprintf_s instead. To disable deprecation, use _CRT_SECURE_NO_WARNINGS. See online help for details.
C:\Users\iot2105\Downloads\(2) (2) (2)\21.09.07_Library_Manage_Program_cpp\Carrot.cpp(1898,7): warning C4101: 'query' :참조되지 않은 지역 변수입니다.
C:\Users\iot2105\Downloads\(2) (2) (2)\21.09.07_Library_Manage_Program_cpp\Carrot.cpp(1954,2): warning C4996: 'sprintf': This function or variable may be unsafe. Consider using sprintf_s instead. To disable deprecation, use _CRT_SECURE_NO_WARNINGS. See online help for details.
C:\Users\iot2105\Downloads\(2) (2) (2)\21.09.07_Library_Manage_Program_cpp\Carrot.cpp(1992,2): warning C4996: 'sprintf': This function or variable may be unsafe. Consider using sprintf_s instead. To disable deprecation, use _CRT_SECURE_NO_WARNINGS. See online help for details.
C:\Users\iot2105\Downloads\(2) (2) (2)\21.09.07_Library_Manage_Program_cpp\Carrot.cpp(1996,2): warning C4996: 'sprintf': This function or variable may be unsafe. Consider using sprintf_s instead. To disable deprecation, use _CRT_SECURE_NO_WARNINGS. See online help for details.
C:\Users\iot2105\Downloads\(2) (2) (2)\21.09.07_Library_Manage_Program_cpp\Carrot.cpp(2037,17): warning C4996: 'localtime': This function or variable may be unsafe. Consider using localtime_s instead. To disable deprecation, use _CRT_SECURE_NO_WARNINGS. See online help for details.
C:\Users\iot2105\Downloads\(2) (2) (2)\21.09.07_Library_Manage_Program_cpp\Carrot.cpp(2112,13): warning C4244: '초기화 중': 'uint64_t'에서 'int'(으)로 변환하면서 데이터가 손실될 수 있습니다.
C:\Users\iot2105\Downloads\(2) (2) (2)\21.09.07_Library_Manage_Program_cpp\Carrot.cpp(2177,60): warning C4267: '인수': 'size_t'에서 'int'(으)로 변환하면서 데이터가 손실될 수 있습니다.
C:\Users\iot2105\Downloads\(2) (2) (2)\21.09.07_Library_Manage_Program_cpp\Carrot.cpp(2109,3): warning C4996: 'sprintf': This function or variable may be unsafe. Consider using sprintf_s instead. To disable deprecation, use _CRT_SECURE_NO_WARNINGS. See online help for details.
C:\Users\iot2105\Downloads\(2) (2) (2)\21.09.07_Library_Manage_Program_cpp\Carrot.cpp(2130,3): warning C4996: 'sprintf': This function or variable may be unsafe. Consider using sprintf_s instead. To disable deprecation, use _CRT_SECURE_NO_WARNINGS. See online help for details.
C:\Users\iot2105\Downloads\(2) (2) (2)\21.09.07_Library_Manage_Program_cpp\Carrot.cpp(2136,3): warning C4996: 'sprintf': This function or variable may be unsafe. Consider using sprintf_s instead. To disable deprecation, use _CRT_SECURE_NO_WARNINGS. See online help for details.
C:\Users\iot2105\Downloads\(2) (2) (2)\21.09.07_Library_Manage_Program_cpp\Carrot.cpp(2189,8): warning C4834: 'nodiscard' 특성이 포함된 함수의 반환 값을 버리는 중
C:\Users\iot2105\Downloads\(2) (2) (2)\21.09.07_Library_Manage_Program_cpp\Carrot.cpp(2190,8): warning C4834: 'nodiscard' 특성이 포함된 함수의 반환 값을 버리는 중
C:\Users\iot2105\Downloads\(2) (2) (2)\21.09.07_Library_Manage_Program_cpp\Carrot.cpp(2191,8): warning C4834: 'nodiscard' 특성이 포함된 함수의 반환 값을 버리는 중
C:\Users\iot2105\Downloads\(2) (2) (2)\21.09.07_Library_Manage_Program_cpp\Carrot.cpp(2206,12): warning C4244: '초기화 중': 'uint64_t'에서 'int'(으)로 변환하면서 데이터가 손실될 수 있습니다.
C:\Users\iot2105\Downloads\(2) (2) (2)\21.09.07_Library_Manage_Program_cpp\Carrot.cpp(2231,59): warning C4267: '인수': 'size_t'에서 'int'(으)로 변환하면서 데이터가 손실될 수 있습니다.
C:\Users\iot2105\Downloads\(2) (2) (2)\21.09.07_Library_Manage_Program_cpp\Carrot.cpp(2232,57): warning C4267: '인수': 'size_t'에서 'int'(으)로 변환하면서 데이터가 손실될 수 있습니다.
C:\Users\iot2105\Downloads\(2) (2) (2)\21.09.07_Library_Manage_Program_cpp\Carrot.cpp(2236,59): warning C4267: '인수': 'size_t'에서 'int'(으)로 변환하면서 데이터가 손실될 수 있습니다.
C:\Users\iot2105\Downloads\(2) (2) (2)\21.09.07_Library_Manage_Program_cpp\Carrot.cpp(2195,2): warning C4996: 'sprintf': This function or variable may be unsafe. Consider using sprintf_s instead. To disable deprecation, use _CRT_SECURE_NO_WARNINGS. See online help for details.
C:\Users\iot2105\Downloads\(2) (2) (2)\21.09.07_Library_Manage_Program_cpp\Carrot.cpp(2201,2): warning C4996: 'sprintf': This function or variable may be unsafe. Consider using sprintf_s instead. To disable deprecation, use _CRT_SECURE_NO_WARNINGS. See online help for details.
C:\Users\iot2105\Downloads\(2) (2) (2)\21.09.07_Library_Manage_Program_cpp\Carrot.cpp(2299,12): warning C4244: '초기화 중': 'uint64_t'에서 'int'(으)로 변환하면서 데이터가 손실될 수 있습니다.
C:\Users\iot2105\Downloads\(2) (2) (2)\21.09.07_Library_Manage_Program_cpp\Carrot.cpp(2316,18): warning C4804: '<=': 연산에 'bool' 형식을 사용하는 것은 안전하지 않습니다.
C:\Users\iot2105\Downloads\(2) (2) (2)\21.09.07_Library_Manage_Program_cpp\Carrot.cpp(2320,20): warning C4805: '==': 연산에 'int' 형식과 'bool' 형식을 함께 사용하는 것은 안전하지 않습니다.
C:\Users\iot2105\Downloads\(2) (2) (2)\21.09.07_Library_Manage_Program_cpp\Carrot.cpp(2328,60): warning C4267: '인수': 'size_t'에서 'int'(으)로 변환하면서 데이터가 손실될 수 있습니다.
C:\Users\iot2105\Downloads\(2) (2) (2)\21.09.07_Library_Manage_Program_cpp\Carrot.cpp(2296,2): warning C4996: 'sprintf': This function or variable may be unsafe. Consider using sprintf_s instead. To disable deprecation, use _CRT_SECURE_NO_WARNINGS. See online help for details.
C:\Users\iot2105\Downloads\(2) (2) (2)\21.09.07_Library_Manage_Program_cpp\Carrot.cpp(2376,12): warning C4244: '초기화 중': 'uint64_t'에서 'int'(으)로 변환하면서 데이터가 손실될 수 있습니다.
C:\Users\iot2105\Downloads\(2) (2) (2)\21.09.07_Library_Manage_Program_cpp\Carrot.cpp(2373,2): warning C4996: 'sprintf': This function or variable may be unsafe. Consider using sprintf_s instead. To disable deprecation, use _CRT_SECURE_NO_WARNINGS. See online help for details.
C:\Users\iot2105\Downloads\(2) (2) (2)\21.09.07_Library_Manage_Program_cpp\Carrot.cpp(2468,2): warning C4996: 'sprintf': This function or variable may be unsafe. Consider using sprintf_s instead. To disable deprecation, use _CRT_SECURE_NO_WARNINGS. See online help for details.
C:\Users\iot2105\Downloads\(2) (2) (2)\21.09.07_Library_Manage_Program_cpp\Carrot.cpp(2487,2): warning C4996: 'sprintf': This function or variable may be unsafe. Consider using sprintf_s instead. To disable deprecation, use _CRT_SECURE_NO_WARNINGS. See online help for details.
C:\Users\iot2105\Downloads\(2) (2) (2)\21.09.07_Library_Manage_Program_cpp\Carrot.cpp(2517,12): warning C4244: '초기화 중': 'uint64_t'에서 'int'(으)로 변환하면서 데이터가 손실될 수 있습니다.
C:\Users\iot2105\Downloads\(2) (2) (2)\21.09.07_Library_Manage_Program_cpp\Carrot.cpp(2512,2): warning C4996: 'sprintf': This function or variable may be unsafe. Consider using sprintf_s instead. To disable deprecation, use _CRT_SECURE_NO_WARNINGS. See online help for details.
C:\Users\iot2105\Downloads\(2) (2) (2)\21.09.07_Library_Manage_Program_cpp\Carrot.cpp(2568,12): warning C4244: '초기화 중': 'uint64_t'에서 'int'(으)로 변환하면서 데이터가 손실될 수 있습니다.
C:\Users\iot2105\Downloads\(2) (2) (2)\21.09.07_Library_Manage_Program_cpp\Carrot.cpp(2564,2): warning C4996: 'sprintf': This function or variable may be unsafe. Consider using sprintf_s instead. To disable deprecation, use _CRT_SECURE_NO_WARNINGS. See online help for details.
C:\Users\iot2105\Downloads\(2) (2) (2)\21.09.07_Library_Manage_Program_cpp\Carrot.cpp(2601,12): warning C4244: '초기화 중': 'uint64_t'에서 'int'(으)로 변환하면서 데이터가 손실될 수 있습니다.
C:\Users\iot2105\Downloads\(2) (2) (2)\21.09.07_Library_Manage_Program_cpp\Carrot.cpp(2598,2): warning C4996: 'sprintf': This function or variable may be unsafe. Consider using sprintf_s instead. To disable deprecation, use _CRT_SECURE_NO_WARNINGS. See online help for details.
C:\Users\iot2105\Downloads\(2) (2) (2)\21.09.07_Library_Manage_Program_cpp\Carrot.cpp(2642,12): warning C4244: '초기화 중': 'uint64_t'에서 'int'(으)로 변환하면서 데이터가 손실될 수 있습니다.
C:\Users\iot2105\Downloads\(2) (2) (2)\21.09.07_Library_Manage_Program_cpp\Carrot.cpp(2634,3): warning C4996: 'sprintf': This function or variable may be unsafe. Consider using sprintf_s instead. To disable deprecation, use _CRT_SECURE_NO_WARNINGS. See online help for details.
C:\Users\iot2105\Downloads\(2) (2) (2)\21.09.07_Library_Manage_Program_cpp\Carrot.cpp(2636,3): warning C4996: 'sprintf': This function or variable may be unsafe. Consider using sprintf_s instead. To disable deprecation, use _CRT_SECURE_NO_WARNINGS. See online help for details.
C:\Users\iot2105\Downloads\(2) (2) (2)\21.09.07_Library_Manage_Program_cpp\Carrot.cpp(2680,12): warning C4244: '초기화 중': 'uint64_t'에서 'int'(으)로 변환하면서 데이터가 손실될 수 있습니다.
C:\Users\iot2105\Downloads\(2) (2) (2)\21.09.07_Library_Manage_Program_cpp\Carrot.cpp(2674,3): warning C4996: 'sprintf': This function or variable may be unsafe. Consider using sprintf_s instead. To disable deprecation, use _CRT_SECURE_NO_WARNINGS. See online help for details.
C:\Users\iot2105\Downloads\(2) (2) (2)\21.09.07_Library_Manage_Program_cpp\Carrot.cpp(2676,3): warning C4996: 'sprintf': This function or variable may be unsafe. Consider using sprintf_s instead. To disable deprecation, use _CRT_SECURE_NO_WARNINGS. See online help for details.
C:\Users\iot2105\Downloads\(2) (2) (2)\21.09.07_Library_Manage_Program_cpp\Carrot.cpp(2717,25): warning C4267: '초기화 중': 'size_t'에서 'int'(으)로 변환하면서 데이터가 손실될 수 있습니다.
C:\Users\iot2105\Downloads\(2) (2) (2)\21.09.07_Library_Manage_Program_cpp\Carrot.cpp(2739,12): warning C4244: '초기화 중': 'uint64_t'에서 'int'(으)로 변환하면서 데이터가 손실될 수 있습니다.
C:\Users\iot2105\Downloads\(2) (2) (2)\21.09.07_Library_Manage_Program_cpp\Carrot.cpp(2766,51): warning C4267: '인수': 'size_t'에서 'int'(으)로 변환하면서 데이터가 손실될 수 있습니다.
C:\Users\iot2105\Downloads\(2) (2) (2)\21.09.07_Library_Manage_Program_cpp\Carrot.cpp(2767,51): warning C4267: '인수': 'size_t'에서 'int'(으)로 변환하면서 데이터가 손실될 수 있습니다.
C:\Users\iot2105\Downloads\(2) (2) (2)\21.09.07_Library_Manage_Program_cpp\Carrot.cpp(2771,51): warning C4267: '인수': 'size_t'에서 'int'(으)로 변환하면서 데이터가 손실될 수 있습니다.
C:\Users\iot2105\Downloads\(2) (2) (2)\21.09.07_Library_Manage_Program_cpp\Carrot.cpp(2719,2): warning C4996: 'sprintf': This function or variable may be unsafe. Consider using sprintf_s instead. To disable deprecation, use _CRT_SECURE_NO_WARNINGS. See online help for details.
C:\Users\iot2105\Downloads\(2) (2) (2)\21.09.07_Library_Manage_Program_cpp\Carrot.cpp(2724,2): warning C4996: 'sprintf': This function or variable may be unsafe. Consider using sprintf_s instead. To disable deprecation, use _CRT_SECURE_NO_WARNINGS. See online help for details.
C:\Users\iot2105\Downloads\(2) (2) (2)\21.09.07_Library_Manage_Program_cpp\Carrot.cpp(2733,2): warning C4996: 'sprintf': This function or variable may be unsafe. Consider using sprintf_s instead. To disable deprecation, use _CRT_SECURE_NO_WARNINGS. See online help for details.
C:\Users\iot2105\Downloads\(2) (2) (2)\21.09.07_Library_Manage_Program_cpp\Carrot.cpp(2785,7): warning C4101: 'query' :참조되지 않은 지역 변수입니다.
C:\Users\iot2105\Downloads\(2) (2) (2)\21.09.07_Library_Manage_Program_cpp\Carrot.cpp(2939,14): warning C4996: 'fopen': This function or variable may be unsafe. Consider using fopen_s instead. To disable deprecation, use _CRT_SECURE_NO_WARNINGS. See online help for details.
C:\Users\iot2105\Downloads\(2) (2) (2)\21.09.07_Library_Manage_Program_cpp\Carrot.cpp(3038,13): warning C4996: 'fopen': This function or variable may be unsafe. Consider using fopen_s instead. To disable deprecation, use _CRT_SECURE_NO_WARNINGS. See online help for details.
C:\Users\iot2105\Downloads\(2) (2) (2)\21.09.07_Library_Manage_Program_cpp\Carrot.cpp(3099,3): warning C4996: 'wcscpy': This function or variable may be unsafe. Consider using wcscpy_s instead. To disable deprecation, use _CRT_SECURE_NO_WARNINGS. See online help for details.
C:\Users\iot2105\Downloads\(2) (2) (2)\21.09.07_Library_Manage_Program_cpp\Carrot.cpp(3105,3): warning C4996: 'wcscpy': This function or variable may be unsafe. Consider using wcscpy_s instead. To disable deprecation, use _CRT_SECURE_NO_WARNINGS. See online help for details.
C:\Users\iot2105\Downloads\(2) (2) (2)\21.09.07_Library_Manage_Program_cpp\Carrot.cpp(3111,3): warning C4996: 'wcscpy': This function or variable may be unsafe. Consider using wcscpy_s instead. To disable deprecation, use _CRT_SECURE_NO_WARNINGS. See online help for details.
C:\Users\iot2105\Downloads\(2) (2) (2)\21.09.07_Library_Manage_Program_cpp\Carrot.cpp(3132,2): warning C4996: 'wcscat': This function or variable may be unsafe. Consider using wcscat_s instead. To disable deprecation, use _CRT_SECURE_NO_WARNINGS. See online help for details.
C:\Users\iot2105\Downloads\(2) (2) (2)\21.09.07_Library_Manage_Program_cpp\Carrot.cpp(3136,13): warning C4996: '_wfopen': This function or variable may be unsafe. Consider using _wfopen_s instead. To disable deprecation, use _CRT_SECURE_NO_WARNINGS. See online help for details.
C:\Users\iot2105\Downloads\(2) (2) (2)\21.09.07_Library_Manage_Program_cpp\Carrot.cpp(3159,2): warning C4996: 'strcpy': This function or variable may be unsafe. Consider using strcpy_s instead. To disable deprecation, use _CRT_SECURE_NO_WARNINGS. See online help for details.
C:\Users\iot2105\Downloads\(2) (2) (2)\21.09.07_Library_Manage_Program_cpp\Carrot.cpp(3206,12): warning C4244: '초기화 중': 'uint64_t'에서 'int'(으)로 변환하면서 데이터가 손실될 수 있습니다.
C:\Users\iot2105\Downloads\(2) (2) (2)\21.09.07_Library_Manage_Program_cpp\Carrot.cpp(3200,3): warning C4996: 'sprintf': This function or variable may be unsafe. Consider using sprintf_s instead. To disable deprecation, use _CRT_SECURE_NO_WARNINGS. See online help for details.
C:\Users\iot2105\Downloads\(2) (2) (2)\21.09.07_Library_Manage_Program_cpp\Carrot.cpp(3202,3): warning C4996: 'sprintf': This function or variable may be unsafe. Consider using sprintf_s instead. To disable deprecation, use _CRT_SECURE_NO_WARNINGS. See online help for details.
C:\Users\iot2105\Downloads\(2) (2) (2)\21.09.07_Library_Manage_Program_cpp\Carrot.cpp(3225,2): warning C4996: 'itoa': The POSIX name for this item is deprecated. Instead, use the ISO C and C++ conformant name: _itoa. See online help for details.
C:\Users\iot2105\Downloads\(2) (2) (2)\21.09.07_Library_Manage_Program_cpp\Carrot.cpp(3237,12): warning C4996: 'strtok': This function or variable may be unsafe. Consider using strtok_s instead. To disable deprecation, use _CRT_SECURE_NO_WARNINGS. See online help for details.
C:\Users\iot2105\Downloads\(2) (2) (2)\21.09.07_Library_Manage_Program_cpp\Carrot.cpp(3241,7): warning C4996: 'strtok': This function or variable may be unsafe. Consider using strtok_s instead. To disable deprecation, use _CRT_SECURE_NO_WARNINGS. See online help for details.
  21.09.07_Library_Manage_Program_cpp.vcxproj -> C:\Users\iot2105\Downloads\(2) (2) (2)\x64\Debug\serv_cpp.exe
