c:\users\iot2105\desktop\당근\server\21.09.07_library_manage_program_serv_cpp\21.09.07_library_manage_program_cpp - 복사본\21.09.07_library_manage_program_cpp\x64\debug\vc142.pdb
c:\users\iot2105\desktop\당근\server\21.09.07_library_manage_program_serv_cpp\21.09.07_library_manage_program_cpp - 복사본\21.09.07_library_manage_program_cpp\x64\debug\vc142.idb
c:\users\iot2105\desktop\당근\server\21.09.07_library_manage_program_serv_cpp\21.09.07_library_manage_program_cpp - 복사본\21.09.07_library_manage_program_cpp\x64\debug\function.obj
c:\users\iot2105\desktop\당근\server\21.09.07_library_manage_program_serv_cpp\21.09.07_library_manage_program_cpp - 복사본\21.09.07_library_manage_program_cpp\x64\debug\tcp_db.obj
c:\users\iot2105\desktop\당근\server\21.09.07_library_manage_program_serv_cpp\21.09.07_library_manage_program_cpp - 복사본\21.09.07_library_manage_program_cpp\x64\debug\serv_main.obj
c:\users\iot2105\desktop\당근\server\21.09.07_library_manage_program_serv_cpp\21.09.07_library_manage_program_cpp - 복사본\21.09.07_library_manage_program_cpp\x64\debug\serv_cpp.ilk
c:\users\iot2105\desktop\당근\server\21.09.07_library_manage_program_serv_cpp\21.09.07_library_manage_program_cpp - 복사본\x64\debug\serv_cpp.exe
c:\users\iot2105\desktop\당근\server\21.09.07_library_manage_program_serv_cpp\21.09.07_library_manage_program_cpp - 복사본\x64\debug\serv_cpp.pdb
c:\users\iot2105\desktop\당근\server\21.09.07_library_manage_program_serv_cpp - 복사본\21.09.07_library_manage_program_cpp - 복사본\21.09.07_library_manage_program_cpp\x64\debug\function.obj
c:\users\iot2105\desktop\당근\server\21.09.07_library_manage_program_serv_cpp - 복사본\21.09.07_library_manage_program_cpp - 복사본\21.09.07_library_manage_program_cpp\x64\debug\serv_main.obj
c:\users\iot2105\desktop\당근\server\21.09.07_library_manage_program_serv_cpp - 복사본\21.09.07_library_manage_program_cpp - 복사본\21.09.07_library_manage_program_cpp\x64\debug\tcp_db.obj
c:\users\iot2105\desktop\당근\server\21.09.07_library_manage_program_serv_cpp - 복사본\21.09.07_library_manage_program_cpp - 복사본\21.09.07_library_manage_program_cpp\x64\debug\21.09.07_library_manage_program_cpp.ilk
c:\users\iot2105\desktop\당근\server\21.09.07_library_manage_program_serv_cpp - 복사본\21.09.07_library_manage_program_cpp - 복사본\21.09.07_library_manage_program_cpp\x64\debug\serv_cpp.ilk
c:\users\iot2105\desktop\당근\server\21.09.07_library_manage_program_serv_cpp - 복사본\21.09.07_library_manage_program_cpp - 복사본\21.09.07_library_manage_program_cpp\x64\debug\vc142.idb
c:\users\iot2105\desktop\당근\server\21.09.07_library_manage_program_serv_cpp - 복사본\21.09.07_library_manage_program_cpp - 복사본\21.09.07_library_manage_program_cpp\x64\debug\vc142.pdb
c:\users\iot2105\desktop\당근\server\21.09.07_library_manage_program_serv_cpp - 복사본\21.09.07_library_manage_program_cpp - 복사본\x64\debug\serv_cpp.pdb
c:\users\iot2105\desktop\당근\server\21.09.07_library_manage_program_serv_cpp - 복사본\21.09.07_library_manage_program_cpp - 복사본\x64\debug\serv_cpp.exe
c:\users\iot2105\desktop\당근\server\21.09.07_library_manage_program_serv_cpp - 복사본\21.09.07_library_manage_program_cpp - 복사본\21.09.07_library_manage_program_cpp\x64\debug\serv_cpp.tlog\cl.command.1.tlog
c:\users\iot2105\desktop\당근\server\21.09.07_library_manage_program_serv_cpp - 복사본\21.09.07_library_manage_program_cpp - 복사본\21.09.07_library_manage_program_cpp\x64\debug\serv_cpp.tlog\cl.read.1.tlog
c:\users\iot2105\desktop\당근\server\21.09.07_library_manage_program_serv_cpp - 복사본\21.09.07_library_manage_program_cpp - 복사본\21.09.07_library_manage_program_cpp\x64\debug\serv_cpp.tlog\cl.write.1.tlog
c:\users\iot2105\desktop\당근\server\21.09.07_library_manage_program_serv_cpp - 복사본\21.09.07_library_manage_program_cpp - 복사본\21.09.07_library_manage_program_cpp\x64\debug\serv_cpp.tlog\link.command.1.tlog
c:\users\iot2105\desktop\당근\server\21.09.07_library_manage_program_serv_cpp - 복사본\21.09.07_library_manage_program_cpp - 복사본\21.09.07_library_manage_program_cpp\x64\debug\serv_cpp.tlog\link.read.1.tlog
c:\users\iot2105\desktop\당근\server\21.09.07_library_manage_program_serv_cpp - 복사본\21.09.07_library_manage_program_cpp - 복사본\21.09.07_library_manage_program_cpp\x64\debug\serv_cpp.tlog\link.write.1.tlog
